<?xml version="1.0" encoding="UTF-8"?>
<testng-results ignored="0" total="6" passed="6" failed="0" skipped="0">
  <reporter-output>
  </reporter-output>
  <suite started-at="2021-06-06T11:23:17 IST" name="Suite" finished-at="2021-06-06T11:23:17 IST" duration-ms="117">
    <groups>
    </groups>
    <test started-at="2021-06-06T11:23:17 IST" name="Test" finished-at="2021-06-06T11:23:17 IST" duration-ms="117">
      <class name="qaclickacademy.AppiumTest">
        <test-method signature="IOSApps()[pri:0, instance:qaclickacademy.AppiumTest@223f3642]" started-at="2021-06-06T11:23:17 IST" name="IOSApps" finished-at="2021-06-06T11:23:17 IST" duration-ms="7" status="PASS">
          <reporter-output>
          </reporter-output>
        </test-method> <!-- IOSApps -->
        <test-method signature="NativeAppAndriod()[pri:0, instance:qaclickacademy.AppiumTest@223f3642]" started-at="2021-06-06T11:23:17 IST" name="NativeAppAndriod" finished-at="2021-06-06T11:23:17 IST" duration-ms="0" status="PASS">
          <reporter-output>
          </reporter-output>
        </test-method> <!-- NativeAppAndriod -->
      </class> <!-- qaclickacademy.AppiumTest -->
      <class name="qaclickacademy.RestAPITest">
        <test-method signature="deleteTwitter()[pri:0, instance:qaclickacademy.RestAPITest@79efed2d]" started-at="2021-06-06T11:23:17 IST" name="deleteTwitter" finished-at="2021-06-06T11:23:17 IST" duration-ms="1" status="PASS">
          <reporter-output>
          </reporter-output>
        </test-method> <!-- deleteTwitter -->
        <test-method signature="postJira()[pri:0, instance:qaclickacademy.RestAPITest@79efed2d]" started-at="2021-06-06T11:23:17 IST" name="postJira" finished-at="2021-06-06T11:23:17 IST" duration-ms="0" status="PASS">
          <reporter-output>
          </reporter-output>
        </test-method> <!-- postJira -->
      </class> <!-- qaclickacademy.RestAPITest -->
      <class name="qaclickacademy.SeleniumTest">
        <test-method signature="BrowserAutomation()[pri:0, instance:qaclickacademy.SeleniumTest@30b7c004]" started-at="2021-06-06T11:23:17 IST" name="BrowserAutomation" finished-at="2021-06-06T11:23:17 IST" duration-ms="0" status="PASS">
          <reporter-output>
          </reporter-output>
        </test-method> <!-- BrowserAutomation -->
        <test-method signature="elementsUI()[pri:0, instance:qaclickacademy.SeleniumTest@30b7c004]" started-at="2021-06-06T11:23:17 IST" name="elementsUI" finished-at="2021-06-06T11:23:17 IST" duration-ms="1" status="PASS">
          <reporter-output>
          </reporter-output>
        </test-method> <!-- elementsUI -->
      </class> <!-- qaclickacademy.SeleniumTest -->
    </test> <!-- Test -->
  </suite> <!-- Suite -->
</testng-results>
